#
# There is insufficient memory for the Java Runtime Environment to continue.
# Native memory allocation (malloc) failed to allocate 32744 bytes for ChunkPool::allocate
# Possible reasons:
#   The system is out of physical RAM or swap space
#   In 32 bit mode, the process size limit was hit
# Possible solutions:
#   Reduce memory load on the system
#   Increase physical memory or swap space
#   Check if swap backing store is full
#   Use 64 bit Java on a 64 bit OS
#   Decrease Java heap size (-Xmx/-Xms)
#   Decrease number of Java threads
#   Decrease Java thread stack sizes (-Xss)
#   Set larger code cache with -XX:ReservedCodeCacheSize=
# This output file may be truncated or incomplete.
#
#  Out of Memory Error (allocation.cpp:273), pid=4540, tid=0x00000000000012ac
#
# JRE version: Java(TM) SE Runtime Environment (8.0_181-b13) (build 1.8.0_181-b13)
# Java VM: Java HotSpot(TM) 64-Bit Server VM (25.181-b13 mixed mode windows-amd64 compressed oops)
# Failed to write core dump. Minidumps are not enabled by default on client versions of Windows
#

---------------  T H R E A D  ---------------

Current thread (0x0000000056975800):  JavaThread "C2 CompilerThread1" daemon [_thread_in_native, id=4780, stack(0x00000000571a0000,0x00000000572a0000)]

Stack: [0x00000000571a0000,0x00000000572a0000]
[error occurred during error reporting (printing stack bounds), id 0xc0000005]

Native frames: (J=compiled Java code, j=interpreted, Vv=VM code, C=native code)


Current CompileTask:
C2:  51336 1440       4       org.openqa.selenium.io.MultiOutputStream::write (24 bytes)


---------------  P R O C E S S  ---------------

Java Threads: ( => current thread )
  0x00000000579a9000 JavaThread "Okio Watchdog" daemon [_thread_blocked, id=9556, stack(0x00000000595e0000,0x00000000596e0000)]
  0x0000000056a33800 JavaThread "OkHttp ConnectionPool" daemon [_thread_blocked, id=6660, stack(0x0000000059380000,0x0000000059480000)]
  0x0000000056a3a000 JavaThread "Exec Stream Pumper" daemon [_thread_in_native, id=9424, stack(0x0000000058c20000,0x0000000058d20000)]
  0x0000000056a99000 JavaThread "Exec Stream Pumper" daemon [_thread_in_native, id=4364, stack(0x0000000058a30000,0x0000000058b30000)]
  0x0000000056a74000 JavaThread "Exec Default Executor" daemon [_thread_in_native, id=7840, stack(0x0000000058690000,0x0000000058790000)]
  0x000000005697e800 JavaThread "Service Thread" daemon [_thread_blocked, id=5444, stack(0x00000000576c0000,0x00000000577c0000)]
  0x0000000056976000 JavaThread "C1 CompilerThread2" daemon [_thread_blocked, id=5364, stack(0x0000000057550000,0x0000000057650000)]
=>0x0000000056975800 JavaThread "C2 CompilerThread1" daemon [_thread_in_native, id=4780, stack(0x00000000571a0000,0x00000000572a0000)]
  0x000000005691b800 JavaThread "C2 CompilerThread0" daemon [_thread_blocked, id=4988, stack(0x0000000056f70000,0x0000000057070000)]
  0x000000005690e800 JavaThread "Monitor Ctrl-Break" daemon [_thread_in_native, id=6016, stack(0x0000000056220000,0x0000000056320000)]
  0x00000000567d8800 JavaThread "Attach Listener" daemon [_thread_blocked, id=8744, stack(0x0000000056c20000,0x0000000056d20000)]
  0x0000000055435800 JavaThread "Signal Dispatcher" daemon [_thread_blocked, id=2284, stack(0x0000000056d20000,0x0000000056e20000)]
  0x000000005541d000 JavaThread "Finalizer" daemon [_thread_blocked, id=8872, stack(0x00000000566d0000,0x00000000567d0000)]
  0x00000000553d6000 JavaThread "Reference Handler" daemon [_thread_blocked, id=7920, stack(0x00000000564e0000,0x00000000565e0000)]
  0x000000000220a000 JavaThread "Forwarding clickElement on session 922ea1e4-82a5-4fe4-b934-6c7459f31b23 to remote" [_thread_in_native, id=7936, stack(0x0000000002570000,0x0000000002670000)]

Other Threads:
  0x00000000553ce800 VMThread [stack: 0x0000000056330000,0x0000000056430000] [id=8756]
  0x0000000056a02000 WatcherThread [stack: 0x0000000057840000,0x0000000057940000] [id=9732]

VM state:not at safepoint (normal execution)

VM Mutex/Monitor currently owned by a thread: None

Heap:
 PSYoungGen      total 18944K, used 18247K [0x00000000eb400000, 0x00000000ec900000, 0x0000000100000000)
  eden space 16384K, 95% used [0x00000000eb400000,0x00000000ec355be8,0x00000000ec400000)
  from space 2560K, 99% used [0x00000000ec680000,0x00000000ec8fc020,0x00000000ec900000)
  to   space 2560K, 0% used [0x00000000ec400000,0x00000000ec400000,0x00000000ec680000)
 ParOldGen       total 44032K, used 2088K [0x00000000c1c00000, 0x00000000c4700000, 0x00000000eb400000)
  object space 44032K, 4% used [0x00000000c1c00000,0x00000000c1e0a3f8,0x00000000c4700000)
 Metaspace       used 13471K, capacity 14152K, committed 14464K, reserved 1062912K
  class space    used 1684K, capacity 1858K, committed 1920K, reserved 1048576K

Card table byte_map: [0x0000000011e90000,0x0000000012090000] byte_map_base: 0x0000000011882000

Marking Bits: (ParMarkBitMap*) 0x000000006ae72d00
 Begin Bits: [0x0000000012920000, 0x00000000138b0000)
 End Bits:   [0x00000000138b0000, 0x0000000014840000)

Polling page: 0x0000000000230000

CodeCache: size=245760Kb used=4882Kb max_used=4893Kb free=240877Kb
 bounds [0x0000000002ad0000, 0x0000000002fa0000, 0x0000000011ad0000]
 total_blobs=1827 nmethods=1440 adapters=299
 compilation: enabled

Compilation events (10 events):
Event: 43.818 Thread 0x0000000056976000 1436       3       com.google.common.collect.ImmutableMapEntry::<init> (12 bytes)
Event: 43.818 Thread 0x000000005691b800 1437       4       java.util.regex.Pattern$5::isSatisfiedBy (28 bytes)
Event: 43.819 Thread 0x0000000056976000 nmethod 1436 0x0000000002f93fd0 code [0x0000000002f94140, 0x0000000002f94408]
Event: 43.820 Thread 0x0000000056976000 1438       3       okio.RealBufferedSink::writeUtf8 (31 bytes)
Event: 43.821 Thread 0x0000000056976000 nmethod 1438 0x0000000002f94590 code [0x0000000002f94740, 0x0000000002f94cc8]
Event: 43.821 Thread 0x0000000056976000 1439       3       okio.Buffer::writeUtf8 (11 bytes)
Event: 43.822 Thread 0x0000000056976000 nmethod 1439 0x0000000002f94f10 code [0x0000000002f95080, 0x0000000002f95368]
Event: 43.833 Thread 0x000000005691b800 nmethod 1437 0x0000000002f983d0 code [0x0000000002f98540, 0x0000000002f98868]
Event: 51.241 Thread 0x0000000056975800 1440       4       org.openqa.selenium.io.MultiOutputStream::write (24 bytes)
Event: 51.246 Thread 0x000000005691b800 1441  s    4       org.openqa.selenium.io.CircularOutputStream::write (87 bytes)

GC Heap History (4 events):
Event: 8.487 GC heap before
{Heap before GC invocations=1 (full 0):
 PSYoungGen      total 18944K, used 16384K [0x00000000eb400000, 0x00000000ec900000, 0x0000000100000000)
  eden space 16384K, 100% used [0x00000000eb400000,0x00000000ec400000,0x00000000ec400000)
  from space 2560K, 0% used [0x00000000ec680000,0x00000000ec680000,0x00000000ec900000)
  to   space 2560K, 0% used [0x00000000ec400000,0x00000000ec400000,0x00000000ec680000)
 ParOldGen       total 44032K, used 0K [0x00000000c1c00000, 0x00000000c4700000, 0x00000000eb400000)
  object space 44032K, 0% used [0x00000000c1c00000,0x00000000c1c00000,0x00000000c4700000)
 Metaspace       used 8444K, capacity 8626K, committed 8832K, reserved 1056768K
  class space    used 987K, capacity 1045K, committed 1152K, reserved 1048576K
Event: 8.508 GC heap after
Heap after GC invocations=1 (full 0):
 PSYoungGen      total 18944K, used 2552K [0x00000000eb400000, 0x00000000ec900000, 0x0000000100000000)
  eden space 16384K, 0% used [0x00000000eb400000,0x00000000eb400000,0x00000000ec400000)
  from space 2560K, 99% used [0x00000000ec400000,0x00000000ec67e0d8,0x00000000ec680000)
  to   space 2560K, 0% used [0x00000000ec680000,0x00000000ec680000,0x00000000ec900000)
 ParOldGen       total 44032K, used 484K [0x00000000c1c00000, 0x00000000c4700000, 0x00000000eb400000)
  object space 44032K, 1% used [0x00000000c1c00000,0x00000000c1c79268,0x00000000c4700000)
 Metaspace       used 8444K, capacity 8626K, committed 8832K, reserved 1056768K
  class space    used 987K, capacity 1045K, committed 1152K, reserved 1048576K
}
Event: 11.673 GC heap before
{Heap before GC invocations=2 (full 0):
 PSYoungGen      total 18944K, used 18936K [0x00000000eb400000, 0x00000000ec900000, 0x0000000100000000)
  eden space 16384K, 100% used [0x00000000eb400000,0x00000000ec400000,0x00000000ec400000)
  from space 2560K, 99% used [0x00000000ec400000,0x00000000ec67e0d8,0x00000000ec680000)
  to   space 2560K, 0% used [0x00000000ec680000,0x00000000ec680000,0x00000000ec900000)
 ParOldGen       total 44032K, used 484K [0x00000000c1c00000, 0x00000000c4700000, 0x00000000eb400000)
  object space 44032K, 1% used [0x00000000c1c00000,0x00000000c1c79268,0x00000000c4700000)
 Metaspace       used 10653K, capacity 10988K, committed 11264K, reserved 1058816K
  class space    used 1275K, capacity 1420K, committed 1536K, reserved 1048576K
Event: 11.693 GC heap after
Heap after GC invocations=2 (full 0):
 PSYoungGen      total 18944K, used 2544K [0x00000000eb400000, 0x00000000ec900000, 0x0000000100000000)
  eden space 16384K, 0% used [0x00000000eb400000,0x00000000eb400000,0x00000000ec400000)
  from space 2560K, 99% used [0x00000000ec680000,0x00000000ec8fc020,0x00000000ec900000)
  to   space 2560K, 0% used [0x00000000ec400000,0x00000000ec400000,0x00000000ec680000)
 ParOldGen       total 44032K, used 2088K [0x00000000c1c00000, 0x00000000c4700000, 0x00000000eb400000)
  object space 44032K, 4% used [0x00000000c1c00000,0x00000000c1e0a3f8,0x00000000c4700000)
 Metaspace       used 10653K, capacity 10988K, committed 11264K, reserved 1058816K
  class space    used 1275K, capacity 1420K, committed 1536K, reserved 1048576K
}

Deoptimization events (10 events):
Event: 10.787 Thread 0x000000000220a000 Uncommon trap: reason=bimorphic action=maybe_recompile pc=0x0000000002db82d4 method=java.util.regex.Pattern$BmpCharProperty.match(Ljava/util/regex/Matcher;ILjava/lang/CharSequence;)Z @ 16
Event: 10.788 Thread 0x000000000220a000 Uncommon trap: reason=bimorphic action=maybe_recompile pc=0x0000000002db82d4 method=java.util.regex.Pattern$BmpCharProperty.match(Ljava/util/regex/Matcher;ILjava/lang/CharSequence;)Z @ 16
Event: 10.788 Thread 0x000000000220a000 Uncommon trap: reason=bimorphic action=maybe_recompile pc=0x0000000002db82d4 method=java.util.regex.Pattern$BmpCharProperty.match(Ljava/util/regex/Matcher;ILjava/lang/CharSequence;)Z @ 16
Event: 10.788 Thread 0x000000000220a000 Uncommon trap: reason=bimorphic action=maybe_recompile pc=0x0000000002db82d4 method=java.util.regex.Pattern$BmpCharProperty.match(Ljava/util/regex/Matcher;ILjava/lang/CharSequence;)Z @ 16
Event: 10.871 Thread 0x000000000220a000 Uncommon trap: reason=unstable_if action=reinterpret pc=0x0000000002c7b64c method=java.lang.String.replace(CC)Ljava/lang/String; @ 2
Event: 10.879 Thread 0x000000000220a000 Uncommon trap: reason=unstable_if action=reinterpret pc=0x0000000002d2945c method=java.lang.CharacterDataLatin1.digit(II)I @ 82
Event: 11.470 Thread 0x000000000220a000 Uncommon trap: reason=unstable_if action=reinterpret pc=0x0000000002e0d3a0 method=java.util.Arrays.equals([B[B)Z @ 2
Event: 12.179 Thread 0x000000000220a000 Uncommon trap: reason=unstable_if action=reinterpret pc=0x0000000002eeed78 method=jdk.internal.org.objectweb.asm.Type.getArgumentsAndReturnSizes(Ljava/lang/String;)I @ 88
Event: 12.753 Thread 0x000000000220a000 Uncommon trap: reason=unstable_if action=reinterpret pc=0x0000000002ea5b18 method=java.util.regex.Pattern$BmpCharProperty.match(Ljava/util/regex/Matcher;ILjava/lang/CharSequence;)Z @ 34
Event: 12.943 Thread 0x000000000220a000 Uncommon trap: reason=unstable_if action=reinterpret pc=0x0000000002d29904 method=java.lang.CharacterDataLatin1.digit(II)I @ 82

Classes redefined (0 events):
No events

Internal exceptions (10 events):
Event: 27.392 Thread 0x000000000220a000 Exception <a 'java/net/SocketTimeoutException': Read timed out> (0x00000000ec23e088) thrown at [C:\re\workspace\8-2-build-windows-amd64-cygwin\jdk8u181\11358\hotspot\src\share\vm\prims\jni.cpp, line 735]
Event: 34.430 Thread 0x000000000220a000 Exception <a 'java/net/SocketTimeoutException': Read timed out> (0x00000000ec259378) thrown at [C:\re\workspace\8-2-build-windows-amd64-cygwin\jdk8u181\11358\hotspot\src\share\vm\prims\jni.cpp, line 735]
Event: 34.462 Thread 0x000000000220a000 Exception <a 'java/net/SocketTimeoutException': Read timed out> (0x00000000ec26c400) thrown at [C:\re\workspace\8-2-build-windows-amd64-cygwin\jdk8u181\11358\hotspot\src\share\vm\prims\jni.cpp, line 735]
Event: 43.175 Thread 0x000000000220a000 Exception <a 'java/net/SocketTimeoutException': Read timed out> (0x00000000ec2ad480) thrown at [C:\re\workspace\8-2-build-windows-amd64-cygwin\jdk8u181\11358\hotspot\src\share\vm\prims\jni.cpp, line 735]
Event: 43.261 Thread 0x000000000220a000 Exception <a 'java/lang/NoSuchMethodError': java.lang.Object.of(Ljava/lang/Object;)Ljava/util/stream/Stream;> (0x00000000ec2bc470) thrown at [C:\re\workspace\8-2-build-windows-amd64-cygwin\jdk8u181\11358\hotspot\src\share\vm\interpreter\linkResolver.cpp, 
Event: 43.289 Thread 0x000000000220a000 Exception <a 'java/net/SocketTimeoutException': Read timed out> (0x00000000ec2ec620) thrown at [C:\re\workspace\8-2-build-windows-amd64-cygwin\jdk8u181\11358\hotspot\src\share\vm\prims\jni.cpp, line 735]
Event: 43.554 Thread 0x000000000220a000 Exception <a 'java/net/SocketTimeoutException': Read timed out> (0x00000000ec2ffa40) thrown at [C:\re\workspace\8-2-build-windows-amd64-cygwin\jdk8u181\11358\hotspot\src\share\vm\prims\jni.cpp, line 735]
Event: 43.601 Thread 0x000000000220a000 Exception <a 'java/net/SocketTimeoutException': Read timed out> (0x00000000ec31a478) thrown at [C:\re\workspace\8-2-build-windows-amd64-cygwin\jdk8u181\11358\hotspot\src\share\vm\prims\jni.cpp, line 735]
Event: 43.695 Thread 0x000000000220a000 Exception <a 'java/net/SocketTimeoutException': Read timed out> (0x00000000ec32d478) thrown at [C:\re\workspace\8-2-build-windows-amd64-cygwin\jdk8u181\11358\hotspot\src\share\vm\prims\jni.cpp, line 735]
Event: 43.819 Thread 0x000000000220a000 Exception <a 'java/net/SocketTimeoutException': Read timed out> (0x00000000ec341638) thrown at [C:\re\workspace\8-2-build-windows-amd64-cygwin\jdk8u181\11358\hotspot\src\share\vm\prims\jni.cpp, line 735]

Events (10 events):
Event: 43.271 loading class java/util/stream/Streams$AbstractStreamBuilderImpl done
Event: 43.271 loading class java/util/stream/Streams$StreamBuilderImpl done
Event: 43.275 loading class org/openqa/selenium/net/Urls
Event: 43.275 loading class org/openqa/selenium/net/Urls done
Event: 43.276 loading class java/io/UnsupportedEncodingException
Event: 43.276 loading class java/io/UnsupportedEncodingException done
Event: 43.276 loading class java/net/URLEncoder
Event: 43.277 loading class java/net/URLEncoder done
Event: 43.277 loading class java/io/CharArrayWriter
Event: 43.277 loading class java/io/CharArrayWriter done


Dynamic libraries:
0x000000013f250000 - 0x000000013f287000 	C:\Program Files\Java\jdk1.8.0_181\bin\java.exe
0x0000000076cd0000 - 0x0000000076e7a000 	C:\Windows\SYSTEM32\ntdll.dll
0x0000000076bb0000 - 0x0000000076ccf000 	C:\Windows\system32\kernel32.dll
0x000007fefcd10000 - 0x000007fefcd7a000 	C:\Windows\system32\KERNELBASE.dll
0x000007fefd240000 - 0x000007fefd31b000 	C:\Windows\system32\ADVAPI32.dll
0x000007fefe3a0000 - 0x000007fefe43f000 	C:\Windows\system32\msvcrt.dll
0x000007fefefc0000 - 0x000007fefefdf000 	C:\Windows\SYSTEM32\sechost.dll
0x000007fefe440000 - 0x000007fefe56d000 	C:\Windows\system32\RPCRT4.dll
0x0000000076ab0000 - 0x0000000076baa000 	C:\Windows\system32\USER32.dll
0x000007fefe140000 - 0x000007fefe1a7000 	C:\Windows\system32\GDI32.dll
0x000007fefce90000 - 0x000007fefce9e000 	C:\Windows\system32\LPK.dll
0x000007fefcea0000 - 0x000007fefcf6b000 	C:\Windows\system32\USP10.dll
0x000007fefb150000 - 0x000007fefb344000 	C:\Windows\WinSxS\amd64_microsoft.windows.common-controls_6595b64144ccf1df_6.0.7601.18837_none_fa3b1e3d17594757\COMCTL32.dll
0x000007fefe0c0000 - 0x000007fefe131000 	C:\Windows\system32\SHLWAPI.dll
0x000007fefe2d0000 - 0x000007fefe2fe000 	C:\Windows\system32\IMM32.DLL
0x000007fefcd80000 - 0x000007fefce89000 	C:\Windows\system32\MSCTF.dll
0x0000000073a80000 - 0x0000000073b52000 	C:\Program Files\Java\jdk1.8.0_181\jre\bin\msvcr100.dll
0x000000006a650000 - 0x000000006aef2000 	C:\Program Files\Java\jdk1.8.0_181\jre\bin\server\jvm.dll
0x000007fef61f0000 - 0x000007fef61f9000 	C:\Windows\system32\WSOCK32.dll
0x000007fefe8d0000 - 0x000007fefe91d000 	C:\Windows\system32\WS2_32.dll
0x000007fefd320000 - 0x000007fefd328000 	C:\Windows\system32\NSI.dll
0x000007fefa8c0000 - 0x000007fefa8fb000 	C:\Windows\system32\WINMM.dll
0x000007fefba50000 - 0x000007fefba5c000 	C:\Windows\system32\VERSION.dll
0x0000000076ea0000 - 0x0000000076ea7000 	C:\Windows\system32\PSAPI.DLL
0x0000000074120000 - 0x000000007412f000 	C:\Program Files\Java\jdk1.8.0_181\jre\bin\verify.dll
0x00000000740f0000 - 0x0000000074119000 	C:\Program Files\Java\jdk1.8.0_181\jre\bin\java.dll
0x0000000073e60000 - 0x0000000073e83000 	C:\Program Files\Java\jdk1.8.0_181\jre\bin\instrument.dll
0x0000000073ed0000 - 0x0000000073ee6000 	C:\Program Files\Java\jdk1.8.0_181\jre\bin\zip.dll
0x000007fefd330000 - 0x000007fefe0ba000 	C:\Windows\system32\SHELL32.dll
0x000007fefe670000 - 0x000007fefe86c000 	C:\Windows\system32\ole32.dll
0x000007fefc9d0000 - 0x000007fefc9df000 	C:\Windows\system32\profapi.dll
0x000007fef6210000 - 0x000007fef622a000 	C:\Program Files\JetBrains\IntelliJ IDEA Community Edition 2018.2.1\bin\breakgen64.dll
0x0000000073ef0000 - 0x0000000073f0a000 	C:\Program Files\Java\jdk1.8.0_181\jre\bin\net.dll
0x000007fefc150000 - 0x000007fefc1a5000 	C:\Windows\system32\mswsock.dll
0x000007fefc140000 - 0x000007fefc147000 	C:\Windows\System32\wship6.dll
0x000007fefbb20000 - 0x000007fefbb27000 	C:\Windows\System32\wshtcpip.dll
0x000007fefbfd0000 - 0x000007fefc02b000 	C:\Windows\system32\DNSAPI.dll
0x000007fef86b0000 - 0x000007fef86df000 	C:\Program Files\Common Files\Microsoft Shared\Windows Live\WLIDNSP.DLL
0x000007fefa480000 - 0x000007fefa4a7000 	C:\Windows\system32\IPHLPAPI.DLL
0x000007fefa470000 - 0x000007fefa47b000 	C:\Windows\system32\WINNSI.DLL
0x000007fef8cf0000 - 0x000007fef8cf8000 	C:\Windows\system32\rasadhlp.dll
0x000007fefa2f0000 - 0x000007fefa343000 	C:\Windows\System32\fwpuclnt.dll
0x0000000073bb0000 - 0x0000000073bd4000 	C:\Program Files\Java\jdk1.8.0_181\jre\bin\sunec.dll
0x0000000074140000 - 0x000000007414b000 	C:\Program Files\Java\jdk1.8.0_181\jre\bin\sunmscapi.dll
0x000007fefc9e0000 - 0x000007fefcb4d000 	C:\Windows\system32\CRYPT32.dll
0x000007fefc9c0000 - 0x000007fefc9cf000 	C:\Windows\system32\MSASN1.dll
0x000007fefa2c0000 - 0x000007fefa2d8000 	C:\Windows\system32\dhcpcsvc.DLL
0x000007fefa2a0000 - 0x000007fefa2b1000 	C:\Windows\system32\dhcpcsvc6.DLL
0x0000000073e90000 - 0x0000000073ea1000 	C:\Program Files\Java\jdk1.8.0_181\jre\bin\nio.dll
0x000007fefc1b0000 - 0x000007fefc1c8000 	C:\Windows\system32\CRYPTSP.dll
0x000007fefbeb0000 - 0x000007fefbef7000 	C:\Windows\system32\rsaenh.dll
0x000007fefcb50000 - 0x000007fefcb6e000 	C:\Windows\system32\USERENV.dll
0x000007fefc860000 - 0x000007fefc86f000 	C:\Windows\system32\CRYPTBASE.dll
0x000007fefc800000 - 0x000007fefc857000 	C:\Windows\system32\apphelp.dll

VM Arguments:
jvm_args: -javaagent:C:\Program Files\JetBrains\IntelliJ IDEA Community Edition 2018.2.1\lib\idea_rt.jar=13999:C:\Program Files\JetBrains\IntelliJ IDEA Community Edition 2018.2.1\bin -Dfile.encoding=UTF-8 
java_command: packMyTest.FirstTest
java_class_path (initial): C:\Program Files\Java\jdk1.8.0_181\jre\lib\charsets.jar;C:\Program Files\Java\jdk1.8.0_181\jre\lib\deploy.jar;C:\Program Files\Java\jdk1.8.0_181\jre\lib\ext\access-bridge-64.jar;C:\Program Files\Java\jdk1.8.0_181\jre\lib\ext\cldrdata.jar;C:\Program Files\Java\jdk1.8.0_181\jre\lib\ext\dnsns.jar;C:\Program Files\Java\jdk1.8.0_181\jre\lib\ext\jaccess.jar;C:\Program Files\Java\jdk1.8.0_181\jre\lib\ext\jfxrt.jar;C:\Program Files\Java\jdk1.8.0_181\jre\lib\ext\localedata.jar;C:\Program Files\Java\jdk1.8.0_181\jre\lib\ext\nashorn.jar;C:\Program Files\Java\jdk1.8.0_181\jre\lib\ext\sunec.jar;C:\Program Files\Java\jdk1.8.0_181\jre\lib\ext\sunjce_provider.jar;C:\Program Files\Java\jdk1.8.0_181\jre\lib\ext\sunmscapi.jar;C:\Program Files\Java\jdk1.8.0_181\jre\lib\ext\sunpkcs11.jar;C:\Program Files\Java\jdk1.8.0_181\jre\lib\ext\zipfs.jar;C:\Program Files\Java\jdk1.8.0_181\jre\lib\javaws.jar;C:\Program Files\Java\jdk1.8.0_181\jre\lib\jce.jar;C:\Program Files\Java\jdk1.8.0_181\jre\lib\jfr.jar;C:\Program Files\Java\jdk1.8.0_181\jre\lib\jfxswt.jar;C:\Program Files\Java\jdk1.8.0_181\jre\lib\jsse.jar;C:\Program Files\Java\jdk1.8.0_181\jre\lib\management-agent.jar;C:\Program Files\Java\jdk1.8.0_181\jre\lib\plugin.jar;C:\Program Files\Java\jdk1.8.0_181\jre\lib\resources.jar;C:\Program Files\Java\jdk1.8.0_181\jre\lib\rt.jar;C:\Users\Yan\IdeaProjects\MyTest\target\test-classes;C:\Users\Yan\.m2\repository\junit\junit\4.12\junit-4.12.jar;C:\Users\Yan\.m2\repository\org\hamcrest\hamcrest-core\1.3\hamcrest-core-1.3.jar;C:\Users\Yan\.m2\repository\org\seleniumhq\selenium\selenium-api\3.14.0\selenium-api-3.14.0.jar;C:\Users\Yan\.m2\repository\org\seleniumhq\selenium\selenium-firefox-driver\3.14.0\selenium-firefox-driver-3.14.0.jar;C:\Users\Yan\.m2\repository\org\seleniumhq\selenium\selenium-remote-driver\3.14.0\selenium-remote-driver-3.14.0.jar;C:\Users\Yan\.m2\repository\net\bytebuddy\byte-buddy\1.8.15\byte-buddy-1.8.15.jar;C:\Users\Yan\.m2\repository\org\apache\comm
Launcher Type: SUN_STANDARD

Environment Variables:
USERNAME=Yan
OS=Windows_NT
PROCESSOR_IDENTIFIER=Intel64 Family 6 Model 42 Stepping 7, GenuineIntel



---------------  S Y S T E M  ---------------

OS: Windows 7 , 64 bit Build 7601 (6.1.7601.23889)

CPU:total 4 (initial active 4) (2 cores per cpu, 2 threads per core) family 6 model 42 stepping 7, cmov, cx8, fxsr, mmx, sse, sse2, sse3, ssse3, sse4.1, sse4.2, popcnt, avx, clmul, ht, tsc, tscinvbit

Memory: 4k page, physical 4075160k(546668k free), swap 6121300k(5072k free)

vm_info: Java HotSpot(TM) 64-Bit Server VM (25.181-b13) for windows-amd64 JRE (1.8.0_181-b13), built on Jul  7 2018 04:01:33 by "java_re" with MS VC++ 10.0 (VS2010)

time: Wed Oct 17 02:57:53 2018
elapsed time: 51 seconds (0d 0h 0m 51s)

